2024-05-27 21:02:59 - Starting BigDataBootApplication using Java 17.0.10 with PID 29172 (C:\Users\hedib\OneDrive\Bureau\ProjetMicroservices\microservices-projet-paiement-film\BigDataBoot\target\classes started by hedib in C:\Users\hedib\OneDrive\Bureau\ProjetMicroservices\microservices-projet-paiement-film\BigDataBoot)
2024-05-27 21:02:59 - No active profile set, falling back to 1 default profile: "default"
2024-05-27 21:02:59 - Devtools property defaults active! Set 'spring.devtools.add-properties' to 'false' to disable
2024-05-27 21:02:59 - For additional web related logging consider setting the 'logging.level.web' property to 'DEBUG'
2024-05-27 21:03:00 - Bootstrapping Spring Data JPA repositories in DEFAULT mode.
2024-05-27 21:03:00 - Finished Spring Data repository scanning in 15 ms. Found 0 JPA repository interfaces.
2024-05-27 21:03:01 - Tomcat initialized with port 8080 (http)
2024-05-27 21:03:01 - Initializing ProtocolHandler ["http-nio-8080"]
2024-05-27 21:03:01 - Starting service [Tomcat]
2024-05-27 21:03:01 - Starting Servlet engine: [Apache Tomcat/10.1.24]
2024-05-27 21:03:02 - Initializing Spring embedded WebApplicationContext
2024-05-27 21:03:02 - Root WebApplicationContext: initialization completed in 2437 ms
2024-05-27 21:03:02 - HikariPool-1 - Starting...
2024-05-27 21:03:02 - HikariPool-1 - Added connection org.postgresql.jdbc.PgConnection@40e343f2
2024-05-27 21:03:02 - HikariPool-1 - Start completed.
2024-05-27 21:03:03 - HHH000204: Processing PersistenceUnitInfo [name: default]
2024-05-27 21:03:03 - HHH000412: Hibernate ORM core version 6.5.2.Final
2024-05-27 21:03:03 - HHH000026: Second-level cache disabled
2024-05-27 21:03:03 - No LoadTimeWeaver setup: ignoring JPA class transformer
2024-05-27 21:03:04 - HHH000489: No JTA platform available (set 'hibernate.transaction.jta.platform' to enable JTA platform integration)
2024-05-27 21:03:04 - Initialized JPA EntityManagerFactory for persistence unit 'default'
2024-05-27 21:03:04 - spring.jpa.open-in-view is enabled by default. Therefore, database queries may be performed during view rendering. Explicitly configure spring.jpa.open-in-view to disable this warning
2024-05-27 21:03:05 - LiveReload server is running on port 35729
2024-05-27 21:03:05 - Starting ProtocolHandler ["http-nio-8080"]
2024-05-27 21:03:05 - Tomcat started on port 8080 (http) with context path '/'
2024-05-27 21:03:05 - Started BigDataBootApplication in 7.065 seconds (process running for 7.899)
2024-05-27 21:05:51 - Initializing Spring DispatcherServlet 'dispatcherServlet'
2024-05-27 21:05:51 - Initializing Servlet 'dispatcherServlet'
2024-05-27 21:05:51 - Completed initialization in 2 ms
2024-05-27 21:05:52 - Did not find winutils.exe: {}
java.io.FileNotFoundException: java.io.FileNotFoundException: HADOOP_HOME and hadoop.home.dir are unset. -see https://cwiki.apache.org/confluence/display/HADOOP2/WindowsProblems
	at org.apache.hadoop.util.Shell.fileNotFoundException(Shell.java:601)
	at org.apache.hadoop.util.Shell.getHadoopHomeDir(Shell.java:622)
	at org.apache.hadoop.util.Shell.getQualifiedBin(Shell.java:645)
	at org.apache.hadoop.util.Shell.<clinit>(Shell.java:742)
	at org.apache.hadoop.util.StringUtils.<clinit>(StringUtils.java:79)
	at org.apache.hadoop.fs.FileSystem$Cache$Key.<init>(FileSystem.java:3869)
	at org.apache.hadoop.fs.FileSystem$Cache$Key.<init>(FileSystem.java:3864)
	at org.apache.hadoop.fs.FileSystem$Cache.get(FileSystem.java:3652)
	at org.apache.hadoop.fs.FileSystem.get(FileSystem.java:555)
	at org.apache.hadoop.fs.FileSystem.get(FileSystem.java:287)
	at fr.formation.service.HdfsService.getNotableEvents(HdfsService.java:21)
	at fr.formation.api.EventApiController.getNotableEventsByYear(EventApiController.java:29)
	at java.base/jdk.internal.reflect.NativeMethodAccessorImpl.invoke0(Native Method)
	at java.base/jdk.internal.reflect.NativeMethodAccessorImpl.invoke(NativeMethodAccessorImpl.java:77)
	at java.base/jdk.internal.reflect.DelegatingMethodAccessorImpl.invoke(DelegatingMethodAccessorImpl.java:43)
	at java.base/java.lang.reflect.Method.invoke(Method.java:568)
	at org.springframework.web.method.support.InvocableHandlerMethod.doInvoke(InvocableHandlerMethod.java:255)
	at org.springframework.web.method.support.InvocableHandlerMethod.invokeForRequest(InvocableHandlerMethod.java:188)
	at org.springframework.web.servlet.mvc.method.annotation.ServletInvocableHandlerMethod.invokeAndHandle(ServletInvocableHandlerMethod.java:118)
	at org.springframework.web.servlet.mvc.method.annotation.RequestMappingHandlerAdapter.invokeHandlerMethod(RequestMappingHandlerAdapter.java:926)
	at org.springframework.web.servlet.mvc.method.annotation.RequestMappingHandlerAdapter.handleInternal(RequestMappingHandlerAdapter.java:831)
	at org.springframework.web.servlet.mvc.method.AbstractHandlerMethodAdapter.handle(AbstractHandlerMethodAdapter.java:87)
	at org.springframework.web.servlet.DispatcherServlet.doDispatch(DispatcherServlet.java:1089)
	at org.springframework.web.servlet.DispatcherServlet.doService(DispatcherServlet.java:979)
	at org.springframework.web.servlet.FrameworkServlet.processRequest(FrameworkServlet.java:1014)
	at org.springframework.web.servlet.FrameworkServlet.doGet(FrameworkServlet.java:903)
	at jakarta.servlet.http.HttpServlet.service(HttpServlet.java:564)
	at org.springframework.web.servlet.FrameworkServlet.service(FrameworkServlet.java:885)
	at jakarta.servlet.http.HttpServlet.service(HttpServlet.java:658)
	at org.apache.catalina.core.ApplicationFilterChain.internalDoFilter(ApplicationFilterChain.java:195)
	at org.apache.catalina.core.ApplicationFilterChain.doFilter(ApplicationFilterChain.java:140)
	at org.apache.tomcat.websocket.server.WsFilter.doFilter(WsFilter.java:51)
	at org.apache.catalina.core.ApplicationFilterChain.internalDoFilter(ApplicationFilterChain.java:164)
	at org.apache.catalina.core.ApplicationFilterChain.doFilter(ApplicationFilterChain.java:140)
	at org.springframework.web.filter.RequestContextFilter.doFilterInternal(RequestContextFilter.java:100)
	at org.springframework.web.filter.OncePerRequestFilter.doFilter(OncePerRequestFilter.java:116)
	at org.apache.catalina.core.ApplicationFilterChain.internalDoFilter(ApplicationFilterChain.java:164)
	at org.apache.catalina.core.ApplicationFilterChain.doFilter(ApplicationFilterChain.java:140)
	at org.springframework.web.filter.FormContentFilter.doFilterInternal(FormContentFilter.java:93)
	at org.springframework.web.filter.OncePerRequestFilter.doFilter(OncePerRequestFilter.java:116)
	at org.apache.catalina.core.ApplicationFilterChain.internalDoFilter(ApplicationFilterChain.java:164)
	at org.apache.catalina.core.ApplicationFilterChain.doFilter(ApplicationFilterChain.java:140)
	at org.springframework.web.filter.CharacterEncodingFilter.doFilterInternal(CharacterEncodingFilter.java:201)
	at org.springframework.web.filter.OncePerRequestFilter.doFilter(OncePerRequestFilter.java:116)
	at org.apache.catalina.core.ApplicationFilterChain.internalDoFilter(ApplicationFilterChain.java:164)
	at org.apache.catalina.core.ApplicationFilterChain.doFilter(ApplicationFilterChain.java:140)
	at org.apache.catalina.core.StandardWrapperValve.invoke(StandardWrapperValve.java:167)
	at org.apache.catalina.core.StandardContextValve.invoke(StandardContextValve.java:90)
	at org.apache.catalina.authenticator.AuthenticatorBase.invoke(AuthenticatorBase.java:482)
	at org.apache.catalina.core.StandardHostValve.invoke(StandardHostValve.java:115)
	at org.apache.catalina.valves.ErrorReportValve.invoke(ErrorReportValve.java:93)
	at org.apache.catalina.core.StandardEngineValve.invoke(StandardEngineValve.java:74)
	at org.apache.catalina.connector.CoyoteAdapter.service(CoyoteAdapter.java:344)
	at org.apache.coyote.http11.Http11Processor.service(Http11Processor.java:389)
	at org.apache.coyote.AbstractProcessorLight.process(AbstractProcessorLight.java:63)
	at org.apache.coyote.AbstractProtocol$ConnectionHandler.process(AbstractProtocol.java:896)
	at org.apache.tomcat.util.net.NioEndpoint$SocketProcessor.doRun(NioEndpoint.java:1741)
	at org.apache.tomcat.util.net.SocketProcessorBase.run(SocketProcessorBase.java:52)
	at org.apache.tomcat.util.threads.ThreadPoolExecutor.runWorker(ThreadPoolExecutor.java:1190)
	at org.apache.tomcat.util.threads.ThreadPoolExecutor$Worker.run(ThreadPoolExecutor.java:659)
	at org.apache.tomcat.util.threads.TaskThread$WrappingRunnable.run(TaskThread.java:63)
	at java.base/java.lang.Thread.run(Thread.java:842)
Caused by: java.io.FileNotFoundException: HADOOP_HOME and hadoop.home.dir are unset.
	at org.apache.hadoop.util.Shell.checkHadoopHomeInner(Shell.java:521)
	at org.apache.hadoop.util.Shell.checkHadoopHome(Shell.java:492)
	at org.apache.hadoop.util.Shell.<clinit>(Shell.java:569)
	... 58 common frames omitted
2024-05-27 21:05:52 - Unable to load native-hadoop library for your platform... using builtin-java classes where applicable
